<?xml version="1.0" encoding="UTF-8"?>
<!-- Generated by org.testng.reporters.JUnitReportReporter -->
<testsuite hostname="APT04-1P1LSN2" failures="0" tests="1" name="TestNG.Demo" time="0.007" errors="0" timestamp="2022-11-09T07:57:59 IST" skipped="0">
  <testcase classname="TestNG.Demo" name="Homeloan" time="0.007"/>
  <system-out/>
</testsuite> <!-- TestNG.Demo -->
