<?xml version="1.0" encoding="UTF-8"?>
<!-- Generated by org.testng.reporters.JUnitReportReporter -->
<testsuite hostname="APT04-1P1LSN2" failures="0" tests="3" name="Practice.Practice" time="0.005" errors="0" timestamp="2022-11-09T07:57:00 IST" skipped="0">
  <testcase classname="Practice.Practice" name="Purchase" time="0.001"/>
  <system-out/>
  <testcase classname="Practice.Practice" name="Sales" time="0.002"/>
  <system-out/>
  <testcase classname="Practice.Practice" name="Manufacturing" time="0.002"/>
  <system-out/>
</testsuite> <!-- Practice.Practice -->
