<?xml version="1.0" encoding="UTF-8"?>
<!-- Generated by org.testng.reporters.JUnitReportReporter -->
<testsuite hostname="APT04-1P1LSN2" failures="0" tests="3" name="Practice.Demo1" time="0.004" errors="0" timestamp="2022-11-09T07:57:00 IST" skipped="0">
  <testcase classname="Practice.Demo1" name="Hello" time="0.002"/>
  <system-out/>
  <testcase classname="Practice.Demo1" name="Come" time="0.001"/>
  <system-out/>
  <testcase classname="Practice.Demo1" name="Hi" time="0.001"/>
  <system-out/>
</testsuite> <!-- Practice.Demo1 -->
