<?xml version="1.0" encoding="UTF-8"?>
<!-- Generated by org.testng.reporters.JUnitReportReporter -->
<testsuite hostname="APT04-1P1LSN2" failures="0" tests="2" name="TestNG.Demo1" time="0.004" errors="0" timestamp="2022-11-09T07:57:59 IST" skipped="0">
  <testcase classname="TestNG.Demo1" name="Hi" time="0.002"/>
  <system-out/>
  <testcase classname="TestNG.Demo1" name="Hello" time="0.002"/>
  <system-out/>
</testsuite> <!-- TestNG.Demo1 -->
