<?xml version="1.0" encoding="UTF-8"?>
<!-- Generated by org.testng.reporters.JUnitReportReporter -->
<testsuite hostname="APT04-1P1LSN2" failures="0" tests="2" name="TestNG.Practice" time="0.003" errors="0" timestamp="2022-11-09T07:55:31 IST" skipped="0">
  <testcase classname="TestNG.Practice" name="Manufacturing" time="0.002"/>
  <system-out/>
  <testcase classname="TestNG.Practice" name="Purchase" time="0.001"/>
  <system-out/>
</testsuite> <!-- TestNG.Practice -->
