<?xml version="1.0" encoding="UTF-8"?>
<!-- Generated by org.testng.reporters.JUnitReportReporter -->
<testsuite hostname="APT04-1P1LSN2" failures="0" tests="3" name="Practice.Demo" time="0.010" errors="0" timestamp="2022-11-09T07:57:00 IST" skipped="1">
  <testcase classname="Practice.Demo" name="Homeloan" time="0.009"/>
  <system-out/>
  <testcase classname="Practice.Demo" name="carloan" time="0.001"/>
  <system-out/>
  <testcase classname="Practice.Demo" name="personalloan">
    <skipped/>
  </testcase> <!-- personalloan -->
  <system-out/>
</testsuite> <!-- Practice.Demo -->
