<?xml version="1.0" encoding="UTF-8"?>
<!-- Generated by org.testng.reporters.JUnitReportReporter -->
<testsuite hostname="APT04-1P1LSN2" failures="0" tests="3" name="Practice.DataProviderexample" time="0.015" errors="0" timestamp="2023-03-17T11:08:01 IST" skipped="0">
  <testcase classname="Practice.DataProviderexample" name="sample" time="0.010"/>
  <system-out/>
  <testcase classname="Practice.DataProviderexample" name="sample" time="0.002"/>
  <system-out/>
  <testcase classname="Practice.DataProviderexample" name="sample" time="0.003"/>
  <system-out/>
</testsuite> <!-- Practice.DataProviderexample -->
