<?xml version="1.0" encoding="UTF-8"?>
<!-- Generated by org.testng.reporters.JUnitReportReporter -->
<testsuite hostname="APT04-1P1LSN2" failures="0" tests="1" name="StreamsAndLambdaExpressions.StreamsExample" time="0.016" errors="0" timestamp="2022-08-23T21:03:56 IST" skipped="0">
  <testcase classname="StreamsAndLambdaExpressions.StreamsExample" name="streamsexample1" time="0.016"/>
  <system-out/>
</testsuite> <!-- StreamsAndLambdaExpressions.StreamsExample -->
