<?xml version="1.0" encoding="UTF-8"?>
<!-- Generated by org.testng.reporters.JUnitReportReporter -->
<testsuite hostname="APT04-1P1LSN2" failures="0" tests="1" name="ExtentReports.ExtentReportDemo" time="9.163" errors="0" timestamp="2022-09-23T08:16:09 IST" skipped="0">
  <testcase classname="ExtentReports.ExtentReportDemo" name="initialDemo" time="9.163"/>
  <system-out/>
</testsuite> <!-- ExtentReports.ExtentReportDemo -->
