<?xml version="1.0" encoding="UTF-8"?>
<!-- Generated by org.testng.reporters.JUnitReportReporter -->
<testsuite hostname="APT04-1P1LSN2" failures="0" tests="1" name="PageobjectSteps.SubmitOrder" time="10.484" errors="0" timestamp="2022-09-14T07:18:46 IST" skipped="0">
  <testcase classname="PageobjectSteps.SubmitOrder" name="submitOrder" time="10.484"/>
  <system-out/>
</testsuite> <!-- PageobjectSteps.SubmitOrder -->
