<?xml version="1.0" encoding="UTF-8"?>
<!-- Generated by org.testng.reporters.JUnitReportReporter -->
<testsuite hostname="APT04-1P1LSN2" failures="0" tests="1" name="PageobjectSteps.ErrorHandling" time="7.326" errors="0" timestamp="2022-09-14T07:35:24 IST" skipped="0">
  <testcase classname="PageobjectSteps.ErrorHandling" name="errorHandlingforLogin" time="7.326"/>
  <system-out/>
</testsuite> <!-- PageobjectSteps.ErrorHandling -->
